Arguments: 
  C:\Program Files\nodejs\node.exe C:\Users\sduls\AppData\Roaming\npm\node_modules\yarn\bin\yarn.js start

PATH: 
  C:\oraclexe\app\oracle\product\11.2.0\server\bin;C:\Program Files\Common Files\Oracle\Java\javapath;C:\WINDOWS\system32;C:\WINDOWS;C:\WINDOWS\System32\Wbem;C:\WINDOWS\System32\WindowsPowerShell\v1.0\;C:\WINDOWS\System32\OpenSSH\;C:\Program Files\Git\cmd;C:\Program Files\Java\jdk-17.0.2\bin;C:\Program Files (x86)\Microsoft SQL Server\150\DTS\Binn\;C:\Program Files\Azure Data Studio\bin;C:\Program Files\Java\jdk-11.0.14\bin;C:\Program Files\WSO2\Enterprise Integrator\6.6.0\bin;C:\Program Files\nodejs\;C:\Program Files\dotnet\;C:\Program Files\Cloudflare\Cloudflare WARP\;C:\Users\sduls\AppData\Local\Android\Sdk\platform-tools;C:\Users\sduls\AppData\Local\Android\Sdk\emulator;C:\Users\sduls\AppData\Local\Microsoft\WindowsApps;C:\Program Files\Azure Data Studio\bin;C:\Program Files\JetBrains\WebStorm 2021.3.2\bin;;C:\Users\sduls\AppData\Local\Programs\Microsoft VS Code\bin;C:\Program Files (x86)\nodejs;C:\Users\sduls\AppData\Roaming\npm;C:\Users\sduls\AppData\Local\GitHubDesktop\bin;C:\Users\sduls\AppData\Local\Android\Sdk\platform-tools;C:\Users\sduls\AppData\Local\Android\Sdk\emulator;

Yarn version: 
  1.22.19

Node version: 
  16.15.1

Platform: 
  win32 x64

Trace: 
  SyntaxError: H:\SLIIT\3 rd year\2nd sem\UEE\SER005-falcon\frontend\package.json: Unexpected string in JSON at position 1320
      at JSON.parse (<anonymous>)
      at C:\Users\sduls\AppData\Roaming\npm\node_modules\yarn\lib\cli.js:1629:59
      at Generator.next (<anonymous>)
      at step (C:\Users\sduls\AppData\Roaming\npm\node_modules\yarn\lib\cli.js:310:30)
      at C:\Users\sduls\AppData\Roaming\npm\node_modules\yarn\lib\cli.js:321:13

npm manifest: 
  {
    "name": "Falcon",
    "version": "1.0.0",
    "main": "node_modules/expo/AppEntry.js",
    "scripts": {
      "start": "expo start",
      "android": "expo start --android",
      "ios": "expo start --ios",
      "web": "expo start --web",
      "postinstall": "patch-package"
    },
    "dependencies": {
  
      "@react-native-async-storage/async-storage": "^1.17.10",
      "@gorhom/bottom-sheet": "^4.4.5",
      "@react-native-community/datetimepicker": "^6.5.5",
      "@react-native-community/picker": "^1.8.1",
      "@react-native-picker/picker": "^2.4.8",
      "@expo/webpack-config": "^0.17.0",
      "@react-navigation/bottom-tabs": "^6.4.0",
      "@react-navigation/native": "^6.0.2",
      "@react-navigation/native-stack": "^6.9.1",
      "@rneui/themed": "^4.0.0-rc.7",
      "axios": "^1.1.3",
      "deprecated-react-native-prop-types": "^2.2.0",
      "expo": "~46.0.16",
      "expo-status-bar": "~1.4.0",
  
      "moment": "^2.29.4",
      "native-base": "^3.4.21",
      "patch-package": "^6.5.0",
  
      "react": "18.0.0",
      "react-dom": "18.0.0",
      "react-hook-form": "^7.39.1",
      "react-native": "0.69.6",
  
      
  
      "react-native-modal-datetime-picker": "^14.0.0",
      "react-native-neat-date-picker": "^1.4.6",
      "react-native-raw-bottom-sheet": "^2.2.0",
      "react-native-reanimated": "^2.12.0",
  
      "react-native-svg": "9.13.3"
  
      "react-native-calendar-picker": "^7.1.2",
      "react-native-credit-card-input": "bryanmalaluan/react-native-credit-card-vertical-input",
      "react-native-date-picker": "^4.2.6",
      "react-native-drop-shadow": "^0.0.6",
      "react-native-dropdown-picker": "^5.4.2",
      "react-native-gesture-handler": "^2.8.0",
      "react-native-material-dropdown": "^0.11.1",
      "react-native-month-picker": "^1.0.1",
      "react-native-month-year-picker": "^1.8.2",
      "react-native-paper": "^4.12.5",
      "react-native-progress-steps": "^1.3.4",
      "react-native-safe-area-context": "4.3.1",
      "react-native-screens": "~3.15.0",
      "react-native-step-indicator": "^1.0.3",
      "react-native-table-component": "^1.2.2",
      "react-native-web": "~0.18.7",
      "react-step-progress": "^1.0.3"
  
    },
    "devDependencies": {
      "@babel/core": "^7.12.9"
    },
    "private": true
  }

yarn manifest: 
  No manifest

Lockfile: 
  No lockfile
